<?xml version="1.0" encoding="UTF-8"?>
<!-- Generated by org.testng.reporters.JUnitXMLReporter -->
<testsuite ignored="0" hostname="Nishants-MacBook-Pro.local" failures="0" tests="2" name="LoginTests" time="5.422" errors="0" timestamp="2026-01-31T21:45:25 IST">
  <testcase classname="tests.ValidLoginTest" name="testValidLogin" time="0.001">
    <skipped/>
  </testcase> <!-- testValidLogin -->
  <testcase classname="tests.InvalidLoginTest" name="testInvalidLogin" time="0.711"/>
</testsuite> <!-- LoginTests -->
